<?xml version="1.0" encoding="UTF-8"?>
<!-- Generated by org.testng.reporters.JUnitReportReporter -->
<testsuite skipped="0" hostname="DESKTOP-F7B6RBJ" name="log4j.NewTest" tests="2" failures="0" timestamp="04 Dec 2018 08:31:11 GMT" time="57.322" errors="0">
  <testcase name="f" time="13.848" classname="log4j.NewTest"/>
  <testcase name="a" time="43.474" classname="log4j.NewTest"/>
</testsuite> <!-- log4j.NewTest -->
