<?xml version="1.0" encoding="UTF-8"?>
<!-- Generated by org.testng.reporters.JUnitReportReporter -->
<testsuite skipped="0" hostname="DESKTOP-F7B6RBJ" name="log4jPackage.NewTest" tests="2" failures="0" timestamp="04 Dec 2018 14:15:43 GMT" time="23.576" errors="0">
  <testcase name="f" time="17.151" classname="log4jPackage.NewTest"/>
  <testcase name="a" time="6.425" classname="log4jPackage.NewTest"/>
</testsuite> <!-- log4jPackage.NewTest -->
